app/build/outputs/logs/manifest-merger-debug-report.txt
-- Merging decision tree log ---
manifest
ADDED from src/main/AndroidManifest.xml:2:1-60:12
	package
		ADDED from src/main/AndroidManifest.xml:4:5-30
		INJECTED from src/main/AndroidManifest.xml
		INJECTED from src/main/AndroidManifest.xml
	android:versionName
		INJECTED from src/main/AndroidManifest.xml
		INJECTED from src/main/AndroidManifest.xml
	xmlns:tools
		ADDED from src/main/AndroidManifest.xml:3:5-51
	xmlns:android
		ADDED from src/main/AndroidManifest.xml:2:11-69
	android:versionCode
		INJECTED from src/main/AndroidManifest.xml
		INJECTED from src/main/AndroidManifest.xml
application
ADDED from src/main/AndroidManifest.xml:6:5-58:19
MERGED from [com.amulyakhare:com.amulyakhare.textdrawable:1.0.1] AndroidManifest.xml:12:5-20
MERGED from [com.android.support:support-v4:22.1.1] AndroidManifest.xml:22:5-20
	android:label
		ADDED from src/main/AndroidManifest.xml:9:9-41
	android:allowBackup
		ADDED from src/main/AndroidManifest.xml:7:9-35
	android:icon
		ADDED from src/main/AndroidManifest.xml:8:9-41
	android:theme
		ADDED from src/main/AndroidManifest.xml:10:9-50
activity#sujith.cp.notes.MainActivity
ADDED from src/main/AndroidManifest.xml:12:9-20:20
	android:label
		ADDED from src/main/AndroidManifest.xml:14:13-45
	android:name
		ADDED from src/main/AndroidManifest.xml:13:13-41
intent-filter#android.intent.action.MAIN+android.intent.category.LAUNCHER
ADDED from src/main/AndroidManifest.xml:15:13-19:29
action#android.intent.action.MAIN
ADDED from src/main/AndroidManifest.xml:16:17-69
	android:name
		ADDED from src/main/AndroidManifest.xml:16:25-66
category#android.intent.category.LAUNCHER
ADDED from src/main/AndroidManifest.xml:18:17-77
	android:name
		ADDED from src/main/AndroidManifest.xml:18:27-74
activity#sujith.cp.notes.NoteList
ADDED from src/main/AndroidManifest.xml:21:9-29:20
	android:label
		ADDED from src/main/AndroidManifest.xml:23:13-45
	android:name
		ADDED from src/main/AndroidManifest.xml:22:13-37
intent-filter#android.intent.action.NOTESUJITH+android.intent.category.DEFAULT
ADDED from src/main/AndroidManifest.xml:24:13-28:29
action#android.intent.action.NOTESUJITH
ADDED from src/main/AndroidManifest.xml:25:17-75
	android:name
		ADDED from src/main/AndroidManifest.xml:25:25-72
category#android.intent.category.DEFAULT
ADDED from src/main/AndroidManifest.xml:27:17-76
	android:name
		ADDED from src/main/AndroidManifest.xml:27:27-73
activity#sujith.cp.notes.EditNote
ADDED from src/main/AndroidManifest.xml:30:9-38:20
	android:label
		ADDED from src/main/AndroidManifest.xml:32:13-45
	android:name
		ADDED from src/main/AndroidManifest.xml:31:13-37
intent-filter#android.intent.action.EDITNOTE+android.intent.category.DEFAULT
ADDED from src/main/AndroidManifest.xml:33:13-37:29
action#android.intent.action.EDITNOTE
ADDED from src/main/AndroidManifest.xml:34:17-73
	android:name
		ADDED from src/main/AndroidManifest.xml:34:25-70
activity#sujith.cp.notes.NoteView
ADDED from src/main/AndroidManifest.xml:39:9-47:20
	android:label
		ADDED from src/main/AndroidManifest.xml:41:13-45
	android:name
		ADDED from src/main/AndroidManifest.xml:40:13-37
intent-filter#android.intent.action.NOTEVIEW+android.intent.category.DEFAULT
ADDED from src/main/AndroidManifest.xml:42:13-46:29
action#android.intent.action.NOTEVIEW
ADDED from src/main/AndroidManifest.xml:43:17-73
	android:name
		ADDED from src/main/AndroidManifest.xml:43:25-70
activity#sujith.cp.notes.ColorPref
ADDED from src/main/AndroidManifest.xml:48:9-57:20
	android:label
		ADDED from src/main/AndroidManifest.xml:50:13-45
	android:name
		ADDED from src/main/AndroidManifest.xml:49:13-38
intent-filter#android.intent.action.COLORPREF+android.intent.category.DEFAULT+android.intent.category.PREFERENCE
ADDED from src/main/AndroidManifest.xml:51:13-56:29
action#android.intent.action.COLORPREF
ADDED from src/main/AndroidManifest.xml:52:17-74
	android:name
		ADDED from src/main/AndroidManifest.xml:52:25-71
category#android.intent.category.PREFERENCE
ADDED from src/main/AndroidManifest.xml:54:17-79
	android:name
		ADDED from src/main/AndroidManifest.xml:54:27-76
uses-sdk
INJECTED from src/main/AndroidManifest.xml reason: use-sdk injection requested
MERGED from [com.github.yukuku:ambilwarna:2.0.1] AndroidManifest.xml:8:5-10:41
MERGED from [com.amulyakhare:com.amulyakhare.textdrawable:1.0.1] AndroidManifest.xml:8:5-10:41
MERGED from [com.baoyz.swipemenulistview:library:1.3.0] AndroidManifest.xml:7:5-9:41
MERGED from [com.android.support:support-v4:22.1.1] AndroidManifest.xml:20:5-43
	android:targetSdkVersion
		INJECTED from src/main/AndroidManifest.xml
		INJECTED from src/main/AndroidManifest.xml
	android:minSdkVersion
		INJECTED from src/main/AndroidManifest.xml
		INJECTED from src/main/AndroidManifest.xml